ERROR - 2025-10-01 08:14:50 --> Error connecting to the database: mysqli_sql_exception: Access denied for user ''@'localhost' (using password: NO) in C:\xampp\htdocs\Code Igniter\MBG_241511073_2C_Fairuz-Sheva-Muhammad\system\Database\MySQLi\Connection.php:201
Stack trace:
#0 C:\xampp\htdocs\Code Igniter\MBG_241511073_2C_Fairuz-Sheva-Muhammad\system\Database\MySQLi\Connection.php(201): mysqli->real_connect('localhost', '', Object(SensitiveParameterValue), '', 3306, '', 0)
#1 C:\xampp\htdocs\Code Igniter\MBG_241511073_2C_Fairuz-Sheva-Muhammad\system\Database\BaseConnection.php(419): CodeIgniter\Database\MySQLi\Connection->connect(false)
#2 C:\xampp\htdocs\Code Igniter\MBG_241511073_2C_Fairuz-Sheva-Muhammad\system\Database\BaseConnection.php(614): CodeIgniter\Database\BaseConnection->initialize()
#3 C:\xampp\htdocs\Code Igniter\MBG_241511073_2C_Fairuz-Sheva-Muhammad\system\Database\BaseBuilder.php(1649): CodeIgniter\Database\BaseConnection->query('SELECT *\nFROM `...', Array, false)
#4 C:\xampp\htdocs\Code Igniter\MBG_241511073_2C_Fairuz-Sheva-Muhammad\system\Model.php(330): CodeIgniter\Database\BaseBuilder->get()
#5 C:\xampp\htdocs\Code Igniter\MBG_241511073_2C_Fairuz-Sheva-Muhammad\system\BaseModel.php(715): CodeIgniter\Model->doFirst()
#6 C:\xampp\htdocs\Code Igniter\MBG_241511073_2C_Fairuz-Sheva-Muhammad\app\Controllers\Auth.php(23): CodeIgniter\BaseModel->first()
#7 C:\xampp\htdocs\Code Igniter\MBG_241511073_2C_Fairuz-Sheva-Muhammad\system\CodeIgniter.php(933): App\Controllers\Auth->doLogin()
#8 C:\xampp\htdocs\Code Igniter\MBG_241511073_2C_Fairuz-Sheva-Muhammad\system\CodeIgniter.php(507): CodeIgniter\CodeIgniter->runController(Object(App\Controllers\Auth))
#9 C:\xampp\htdocs\Code Igniter\MBG_241511073_2C_Fairuz-Sheva-Muhammad\system\CodeIgniter.php(354): CodeIgniter\CodeIgniter->handleRequest(NULL, Object(Config\Cache), false)
#10 C:\xampp\htdocs\Code Igniter\MBG_241511073_2C_Fairuz-Sheva-Muhammad\system\Boot.php(363): CodeIgniter\CodeIgniter->run()
#11 C:\xampp\htdocs\Code Igniter\MBG_241511073_2C_Fairuz-Sheva-Muhammad\system\Boot.php(68): CodeIgniter\Boot::runCodeIgniter(Object(CodeIgniter\CodeIgniter))
#12 C:\xampp\htdocs\Code Igniter\MBG_241511073_2C_Fairuz-Sheva-Muhammad\public\index.php(59): CodeIgniter\Boot::bootWeb(Object(Config\Paths))
#13 C:\xampp\htdocs\Code Igniter\MBG_241511073_2C_Fairuz-Sheva-Muhammad\system\rewrite.php(44): require_once('C:\\xampp\\htdocs...')
#14 {main}

Next CodeIgniter\Database\Exceptions\DatabaseException: Access denied for user ''@'localhost' (using password: NO) in C:\xampp\htdocs\Code Igniter\MBG_241511073_2C_Fairuz-Sheva-Muhammad\system\Database\MySQLi\Connection.php:246
Stack trace:
#0 C:\xampp\htdocs\Code Igniter\MBG_241511073_2C_Fairuz-Sheva-Muhammad\system\Database\BaseConnection.php(419): CodeIgniter\Database\MySQLi\Connection->connect(false)
#1 C:\xampp\htdocs\Code Igniter\MBG_241511073_2C_Fairuz-Sheva-Muhammad\system\Database\BaseConnection.php(614): CodeIgniter\Database\BaseConnection->initialize()
#2 C:\xampp\htdocs\Code Igniter\MBG_241511073_2C_Fairuz-Sheva-Muhammad\system\Database\BaseBuilder.php(1649): CodeIgniter\Database\BaseConnection->query('SELECT *\nFROM `...', Array, false)
#3 C:\xampp\htdocs\Code Igniter\MBG_241511073_2C_Fairuz-Sheva-Muhammad\system\Model.php(330): CodeIgniter\Database\BaseBuilder->get()
#4 C:\xampp\htdocs\Code Igniter\MBG_241511073_2C_Fairuz-Sheva-Muhammad\system\BaseModel.php(715): CodeIgniter\Model->doFirst()
#5 C:\xampp\htdocs\Code Igniter\MBG_241511073_2C_Fairuz-Sheva-Muhammad\app\Controllers\Auth.php(23): CodeIgniter\BaseModel->first()
#6 C:\xampp\htdocs\Code Igniter\MBG_241511073_2C_Fairuz-Sheva-Muhammad\system\CodeIgniter.php(933): App\Controllers\Auth->doLogin()
#7 C:\xampp\htdocs\Code Igniter\MBG_241511073_2C_Fairuz-Sheva-Muhammad\system\CodeIgniter.php(507): CodeIgniter\CodeIgniter->runController(Object(App\Controllers\Auth))
#8 C:\xampp\htdocs\Code Igniter\MBG_241511073_2C_Fairuz-Sheva-Muhammad\system\CodeIgniter.php(354): CodeIgniter\CodeIgniter->handleRequest(NULL, Object(Config\Cache), false)
#9 C:\xampp\htdocs\Code Igniter\MBG_241511073_2C_Fairuz-Sheva-Muhammad\system\Boot.php(363): CodeIgniter\CodeIgniter->run()
#10 C:\xampp\htdocs\Code Igniter\MBG_241511073_2C_Fairuz-Sheva-Muhammad\system\Boot.php(68): CodeIgniter\Boot::runCodeIgniter(Object(CodeIgniter\CodeIgniter))
#11 C:\xampp\htdocs\Code Igniter\MBG_241511073_2C_Fairuz-Sheva-Muhammad\public\index.php(59): CodeIgniter\Boot::bootWeb(Object(Config\Paths))
#12 C:\xampp\htdocs\Code Igniter\MBG_241511073_2C_Fairuz-Sheva-Muhammad\system\rewrite.php(44): require_once('C:\\xampp\\htdocs...')
#13 {main}
CRITICAL - 2025-10-01 08:14:50 --> CodeIgniter\Database\Exceptions\DatabaseException: Unable to connect to the database.
Main connection [MySQLi]: Access denied for user ''@'localhost' (using password: NO)
[Method: POST, Route: login]
in SYSTEMPATH\Database\BaseConnection.php on line 465.
 1 SYSTEMPATH\Database\BaseConnection.php(614): CodeIgniter\Database\BaseConnection->initialize()
 2 SYSTEMPATH\Database\BaseBuilder.php(1649): CodeIgniter\Database\BaseConnection->query('SELECT *
FROM `user`
WHERE `email` = :email:
 LIMIT 1', [...], false)
 3 SYSTEMPATH\Model.php(330): CodeIgniter\Database\BaseBuilder->get()
 4 SYSTEMPATH\BaseModel.php(715): CodeIgniter\Model->doFirst()
 5 APPPATH\Controllers\Auth.php(23): CodeIgniter\BaseModel->first()
 6 SYSTEMPATH\CodeIgniter.php(933): App\Controllers\Auth->doLogin()
 7 SYSTEMPATH\CodeIgniter.php(507): CodeIgniter\CodeIgniter->runController(Object(App\Controllers\Auth))
 8 SYSTEMPATH\CodeIgniter.php(354): CodeIgniter\CodeIgniter->handleRequest(null, Object(Config\Cache), false)
 9 SYSTEMPATH\Boot.php(363): CodeIgniter\CodeIgniter->run()
10 SYSTEMPATH\Boot.php(68): CodeIgniter\Boot::runCodeIgniter(Object(CodeIgniter\CodeIgniter))
11 FCPATH\index.php(59): CodeIgniter\Boot::bootWeb(Object(Config\Paths))
12 SYSTEMPATH\rewrite.php(44): require_once('C:\\xampp\\htdocs\\Code Igniter\\MBG_241511073_2C_Fairuz-Sheva-Muhammad\\public\\index.php')
ERROR - 2025-10-01 08:15:56 --> Error connecting to the database: mysqli_sql_exception: Access denied for user ''@'localhost' (using password: NO) in C:\xampp\htdocs\Code Igniter\MBG_241511073_2C_Fairuz-Sheva-Muhammad\system\Database\MySQLi\Connection.php:201
Stack trace:
#0 C:\xampp\htdocs\Code Igniter\MBG_241511073_2C_Fairuz-Sheva-Muhammad\system\Database\MySQLi\Connection.php(201): mysqli->real_connect('localhost', '', Object(SensitiveParameterValue), '', 3306, '', 0)
#1 C:\xampp\htdocs\Code Igniter\MBG_241511073_2C_Fairuz-Sheva-Muhammad\system\Database\BaseConnection.php(419): CodeIgniter\Database\MySQLi\Connection->connect(false)
#2 C:\xampp\htdocs\Code Igniter\MBG_241511073_2C_Fairuz-Sheva-Muhammad\system\Database\BaseConnection.php(614): CodeIgniter\Database\BaseConnection->initialize()
#3 C:\xampp\htdocs\Code Igniter\MBG_241511073_2C_Fairuz-Sheva-Muhammad\system\Database\BaseBuilder.php(1649): CodeIgniter\Database\BaseConnection->query('SELECT *\nFROM `...', Array, false)
#4 C:\xampp\htdocs\Code Igniter\MBG_241511073_2C_Fairuz-Sheva-Muhammad\system\Model.php(330): CodeIgniter\Database\BaseBuilder->get()
#5 C:\xampp\htdocs\Code Igniter\MBG_241511073_2C_Fairuz-Sheva-Muhammad\system\BaseModel.php(715): CodeIgniter\Model->doFirst()
#6 C:\xampp\htdocs\Code Igniter\MBG_241511073_2C_Fairuz-Sheva-Muhammad\app\Controllers\Auth.php(23): CodeIgniter\BaseModel->first()
#7 C:\xampp\htdocs\Code Igniter\MBG_241511073_2C_Fairuz-Sheva-Muhammad\system\CodeIgniter.php(933): App\Controllers\Auth->doLogin()
#8 C:\xampp\htdocs\Code Igniter\MBG_241511073_2C_Fairuz-Sheva-Muhammad\system\CodeIgniter.php(507): CodeIgniter\CodeIgniter->runController(Object(App\Controllers\Auth))
#9 C:\xampp\htdocs\Code Igniter\MBG_241511073_2C_Fairuz-Sheva-Muhammad\system\CodeIgniter.php(354): CodeIgniter\CodeIgniter->handleRequest(NULL, Object(Config\Cache), false)
#10 C:\xampp\htdocs\Code Igniter\MBG_241511073_2C_Fairuz-Sheva-Muhammad\system\Boot.php(363): CodeIgniter\CodeIgniter->run()
#11 C:\xampp\htdocs\Code Igniter\MBG_241511073_2C_Fairuz-Sheva-Muhammad\system\Boot.php(68): CodeIgniter\Boot::runCodeIgniter(Object(CodeIgniter\CodeIgniter))
#12 C:\xampp\htdocs\Code Igniter\MBG_241511073_2C_Fairuz-Sheva-Muhammad\public\index.php(59): CodeIgniter\Boot::bootWeb(Object(Config\Paths))
#13 C:\xampp\htdocs\Code Igniter\MBG_241511073_2C_Fairuz-Sheva-Muhammad\system\rewrite.php(44): require_once('C:\\xampp\\htdocs...')
#14 {main}

Next CodeIgniter\Database\Exceptions\DatabaseException: Access denied for user ''@'localhost' (using password: NO) in C:\xampp\htdocs\Code Igniter\MBG_241511073_2C_Fairuz-Sheva-Muhammad\system\Database\MySQLi\Connection.php:246
Stack trace:
#0 C:\xampp\htdocs\Code Igniter\MBG_241511073_2C_Fairuz-Sheva-Muhammad\system\Database\BaseConnection.php(419): CodeIgniter\Database\MySQLi\Connection->connect(false)
#1 C:\xampp\htdocs\Code Igniter\MBG_241511073_2C_Fairuz-Sheva-Muhammad\system\Database\BaseConnection.php(614): CodeIgniter\Database\BaseConnection->initialize()
#2 C:\xampp\htdocs\Code Igniter\MBG_241511073_2C_Fairuz-Sheva-Muhammad\system\Database\BaseBuilder.php(1649): CodeIgniter\Database\BaseConnection->query('SELECT *\nFROM `...', Array, false)
#3 C:\xampp\htdocs\Code Igniter\MBG_241511073_2C_Fairuz-Sheva-Muhammad\system\Model.php(330): CodeIgniter\Database\BaseBuilder->get()
#4 C:\xampp\htdocs\Code Igniter\MBG_241511073_2C_Fairuz-Sheva-Muhammad\system\BaseModel.php(715): CodeIgniter\Model->doFirst()
#5 C:\xampp\htdocs\Code Igniter\MBG_241511073_2C_Fairuz-Sheva-Muhammad\app\Controllers\Auth.php(23): CodeIgniter\BaseModel->first()
#6 C:\xampp\htdocs\Code Igniter\MBG_241511073_2C_Fairuz-Sheva-Muhammad\system\CodeIgniter.php(933): App\Controllers\Auth->doLogin()
#7 C:\xampp\htdocs\Code Igniter\MBG_241511073_2C_Fairuz-Sheva-Muhammad\system\CodeIgniter.php(507): CodeIgniter\CodeIgniter->runController(Object(App\Controllers\Auth))
#8 C:\xampp\htdocs\Code Igniter\MBG_241511073_2C_Fairuz-Sheva-Muhammad\system\CodeIgniter.php(354): CodeIgniter\CodeIgniter->handleRequest(NULL, Object(Config\Cache), false)
#9 C:\xampp\htdocs\Code Igniter\MBG_241511073_2C_Fairuz-Sheva-Muhammad\system\Boot.php(363): CodeIgniter\CodeIgniter->run()
#10 C:\xampp\htdocs\Code Igniter\MBG_241511073_2C_Fairuz-Sheva-Muhammad\system\Boot.php(68): CodeIgniter\Boot::runCodeIgniter(Object(CodeIgniter\CodeIgniter))
#11 C:\xampp\htdocs\Code Igniter\MBG_241511073_2C_Fairuz-Sheva-Muhammad\public\index.php(59): CodeIgniter\Boot::bootWeb(Object(Config\Paths))
#12 C:\xampp\htdocs\Code Igniter\MBG_241511073_2C_Fairuz-Sheva-Muhammad\system\rewrite.php(44): require_once('C:\\xampp\\htdocs...')
#13 {main}
CRITICAL - 2025-10-01 08:15:56 --> CodeIgniter\Database\Exceptions\DatabaseException: Unable to connect to the database.
Main connection [MySQLi]: Access denied for user ''@'localhost' (using password: NO)
[Method: POST, Route: login]
in SYSTEMPATH\Database\BaseConnection.php on line 465.
 1 SYSTEMPATH\Database\BaseConnection.php(614): CodeIgniter\Database\BaseConnection->initialize()
 2 SYSTEMPATH\Database\BaseBuilder.php(1649): CodeIgniter\Database\BaseConnection->query('SELECT *
FROM `user`
WHERE `email` = :email:
 LIMIT 1', [...], false)
 3 SYSTEMPATH\Model.php(330): CodeIgniter\Database\BaseBuilder->get()
 4 SYSTEMPATH\BaseModel.php(715): CodeIgniter\Model->doFirst()
 5 APPPATH\Controllers\Auth.php(23): CodeIgniter\BaseModel->first()
 6 SYSTEMPATH\CodeIgniter.php(933): App\Controllers\Auth->doLogin()
 7 SYSTEMPATH\CodeIgniter.php(507): CodeIgniter\CodeIgniter->runController(Object(App\Controllers\Auth))
 8 SYSTEMPATH\CodeIgniter.php(354): CodeIgniter\CodeIgniter->handleRequest(null, Object(Config\Cache), false)
 9 SYSTEMPATH\Boot.php(363): CodeIgniter\CodeIgniter->run()
10 SYSTEMPATH\Boot.php(68): CodeIgniter\Boot::runCodeIgniter(Object(CodeIgniter\CodeIgniter))
11 FCPATH\index.php(59): CodeIgniter\Boot::bootWeb(Object(Config\Paths))
12 SYSTEMPATH\rewrite.php(44): require_once('C:\\xampp\\htdocs\\Code Igniter\\MBG_241511073_2C_Fairuz-Sheva-Muhammad\\public\\index.php')
CRITICAL - 2025-10-01 08:15:57 --> CodeIgniter\View\Exceptions\ViewException: Invalid file: "layouts/main.php"
[Method: GET, Route: login]
in SYSTEMPATH\Exceptions\FrameworkException.php on line 39.
 1 SYSTEMPATH\View\View.php(214): CodeIgniter\Exceptions\FrameworkException::forInvalidFile('layouts/main.php')
 2 SYSTEMPATH\View\View.php(242): CodeIgniter\View\View->render('layouts/main', [], true)
 3 SYSTEMPATH\Common.php(1167): CodeIgniter\View\View->render('auth/login', [], true)
 4 APPPATH\Controllers\Auth.php(11): view('auth/login')
 5 SYSTEMPATH\CodeIgniter.php(933): App\Controllers\Auth->login()
 6 SYSTEMPATH\CodeIgniter.php(507): CodeIgniter\CodeIgniter->runController(Object(App\Controllers\Auth))
 7 SYSTEMPATH\CodeIgniter.php(354): CodeIgniter\CodeIgniter->handleRequest(null, Object(Config\Cache), false)
 8 SYSTEMPATH\Boot.php(363): CodeIgniter\CodeIgniter->run()
 9 SYSTEMPATH\Boot.php(68): CodeIgniter\Boot::runCodeIgniter(Object(CodeIgniter\CodeIgniter))
10 FCPATH\index.php(59): CodeIgniter\Boot::bootWeb(Object(Config\Paths))
11 SYSTEMPATH\rewrite.php(44): require_once('C:\\xampp\\htdocs\\Code Igniter\\MBG_241511073_2C_Fairuz-Sheva-Muhammad\\public\\index.php')
CRITICAL - 2025-10-01 08:15:58 --> CodeIgniter\View\Exceptions\ViewException: Invalid file: "layouts/main.php"
[Method: GET, Route: login]
in SYSTEMPATH\Exceptions\FrameworkException.php on line 39.
 1 SYSTEMPATH\View\View.php(214): CodeIgniter\Exceptions\FrameworkException::forInvalidFile('layouts/main.php')
 2 SYSTEMPATH\View\View.php(242): CodeIgniter\View\View->render('layouts/main', [], true)
 3 SYSTEMPATH\Common.php(1167): CodeIgniter\View\View->render('auth/login', [], true)
 4 APPPATH\Controllers\Auth.php(11): view('auth/login')
 5 SYSTEMPATH\CodeIgniter.php(933): App\Controllers\Auth->login()
 6 SYSTEMPATH\CodeIgniter.php(507): CodeIgniter\CodeIgniter->runController(Object(App\Controllers\Auth))
 7 SYSTEMPATH\CodeIgniter.php(354): CodeIgniter\CodeIgniter->handleRequest(null, Object(Config\Cache), false)
 8 SYSTEMPATH\Boot.php(363): CodeIgniter\CodeIgniter->run()
 9 SYSTEMPATH\Boot.php(68): CodeIgniter\Boot::runCodeIgniter(Object(CodeIgniter\CodeIgniter))
10 FCPATH\index.php(59): CodeIgniter\Boot::bootWeb(Object(Config\Paths))
11 SYSTEMPATH\rewrite.php(44): require_once('C:\\xampp\\htdocs\\Code Igniter\\MBG_241511073_2C_Fairuz-Sheva-Muhammad\\public\\index.php')
CRITICAL - 2025-10-01 08:15:58 --> CodeIgniter\View\Exceptions\ViewException: Invalid file: "layouts/main.php"
[Method: GET, Route: login]
in SYSTEMPATH\Exceptions\FrameworkException.php on line 39.
 1 SYSTEMPATH\View\View.php(214): CodeIgniter\Exceptions\FrameworkException::forInvalidFile('layouts/main.php')
 2 SYSTEMPATH\View\View.php(242): CodeIgniter\View\View->render('layouts/main', [], true)
 3 SYSTEMPATH\Common.php(1167): CodeIgniter\View\View->render('auth/login', [], true)
 4 APPPATH\Controllers\Auth.php(11): view('auth/login')
 5 SYSTEMPATH\CodeIgniter.php(933): App\Controllers\Auth->login()
 6 SYSTEMPATH\CodeIgniter.php(507): CodeIgniter\CodeIgniter->runController(Object(App\Controllers\Auth))
 7 SYSTEMPATH\CodeIgniter.php(354): CodeIgniter\CodeIgniter->handleRequest(null, Object(Config\Cache), false)
 8 SYSTEMPATH\Boot.php(363): CodeIgniter\CodeIgniter->run()
 9 SYSTEMPATH\Boot.php(68): CodeIgniter\Boot::runCodeIgniter(Object(CodeIgniter\CodeIgniter))
10 FCPATH\index.php(59): CodeIgniter\Boot::bootWeb(Object(Config\Paths))
11 SYSTEMPATH\rewrite.php(44): require_once('C:\\xampp\\htdocs\\Code Igniter\\MBG_241511073_2C_Fairuz-Sheva-Muhammad\\public\\index.php')
CRITICAL - 2025-10-01 08:15:58 --> CodeIgniter\View\Exceptions\ViewException: Invalid file: "layouts/main.php"
[Method: GET, Route: login]
in SYSTEMPATH\Exceptions\FrameworkException.php on line 39.
 1 SYSTEMPATH\View\View.php(214): CodeIgniter\Exceptions\FrameworkException::forInvalidFile('layouts/main.php')
 2 SYSTEMPATH\View\View.php(242): CodeIgniter\View\View->render('layouts/main', [], true)
 3 SYSTEMPATH\Common.php(1167): CodeIgniter\View\View->render('auth/login', [], true)
 4 APPPATH\Controllers\Auth.php(11): view('auth/login')
 5 SYSTEMPATH\CodeIgniter.php(933): App\Controllers\Auth->login()
 6 SYSTEMPATH\CodeIgniter.php(507): CodeIgniter\CodeIgniter->runController(Object(App\Controllers\Auth))
 7 SYSTEMPATH\CodeIgniter.php(354): CodeIgniter\CodeIgniter->handleRequest(null, Object(Config\Cache), false)
 8 SYSTEMPATH\Boot.php(363): CodeIgniter\CodeIgniter->run()
 9 SYSTEMPATH\Boot.php(68): CodeIgniter\Boot::runCodeIgniter(Object(CodeIgniter\CodeIgniter))
10 FCPATH\index.php(59): CodeIgniter\Boot::bootWeb(Object(Config\Paths))
11 SYSTEMPATH\rewrite.php(44): require_once('C:\\xampp\\htdocs\\Code Igniter\\MBG_241511073_2C_Fairuz-Sheva-Muhammad\\public\\index.php')
ERROR - 2025-10-01 08:20:50 --> Error connecting to the database: mysqli_sql_exception: Access denied for user ''@'localhost' (using password: NO) in C:\xampp\htdocs\Code Igniter\MBG_241511073_2C_Fairuz-Sheva-Muhammad\system\Database\MySQLi\Connection.php:201
Stack trace:
#0 C:\xampp\htdocs\Code Igniter\MBG_241511073_2C_Fairuz-Sheva-Muhammad\system\Database\MySQLi\Connection.php(201): mysqli->real_connect('localhost', '', Object(SensitiveParameterValue), '', 3306, '', 0)
#1 C:\xampp\htdocs\Code Igniter\MBG_241511073_2C_Fairuz-Sheva-Muhammad\system\Database\BaseConnection.php(419): CodeIgniter\Database\MySQLi\Connection->connect(false)
#2 C:\xampp\htdocs\Code Igniter\MBG_241511073_2C_Fairuz-Sheva-Muhammad\system\Database\BaseConnection.php(614): CodeIgniter\Database\BaseConnection->initialize()
#3 C:\xampp\htdocs\Code Igniter\MBG_241511073_2C_Fairuz-Sheva-Muhammad\system\Database\BaseBuilder.php(1649): CodeIgniter\Database\BaseConnection->query('SELECT *\nFROM `...', Array, false)
#4 C:\xampp\htdocs\Code Igniter\MBG_241511073_2C_Fairuz-Sheva-Muhammad\system\Model.php(330): CodeIgniter\Database\BaseBuilder->get()
#5 C:\xampp\htdocs\Code Igniter\MBG_241511073_2C_Fairuz-Sheva-Muhammad\system\BaseModel.php(715): CodeIgniter\Model->doFirst()
#6 C:\xampp\htdocs\Code Igniter\MBG_241511073_2C_Fairuz-Sheva-Muhammad\app\Controllers\Auth.php(23): CodeIgniter\BaseModel->first()
#7 C:\xampp\htdocs\Code Igniter\MBG_241511073_2C_Fairuz-Sheva-Muhammad\system\CodeIgniter.php(933): App\Controllers\Auth->doLogin()
#8 C:\xampp\htdocs\Code Igniter\MBG_241511073_2C_Fairuz-Sheva-Muhammad\system\CodeIgniter.php(507): CodeIgniter\CodeIgniter->runController(Object(App\Controllers\Auth))
#9 C:\xampp\htdocs\Code Igniter\MBG_241511073_2C_Fairuz-Sheva-Muhammad\system\CodeIgniter.php(354): CodeIgniter\CodeIgniter->handleRequest(NULL, Object(Config\Cache), false)
#10 C:\xampp\htdocs\Code Igniter\MBG_241511073_2C_Fairuz-Sheva-Muhammad\system\Boot.php(363): CodeIgniter\CodeIgniter->run()
#11 C:\xampp\htdocs\Code Igniter\MBG_241511073_2C_Fairuz-Sheva-Muhammad\system\Boot.php(68): CodeIgniter\Boot::runCodeIgniter(Object(CodeIgniter\CodeIgniter))
#12 C:\xampp\htdocs\Code Igniter\MBG_241511073_2C_Fairuz-Sheva-Muhammad\public\index.php(59): CodeIgniter\Boot::bootWeb(Object(Config\Paths))
#13 C:\xampp\htdocs\Code Igniter\MBG_241511073_2C_Fairuz-Sheva-Muhammad\system\rewrite.php(44): require_once('C:\\xampp\\htdocs...')
#14 {main}

Next CodeIgniter\Database\Exceptions\DatabaseException: Access denied for user ''@'localhost' (using password: NO) in C:\xampp\htdocs\Code Igniter\MBG_241511073_2C_Fairuz-Sheva-Muhammad\system\Database\MySQLi\Connection.php:246
Stack trace:
#0 C:\xampp\htdocs\Code Igniter\MBG_241511073_2C_Fairuz-Sheva-Muhammad\system\Database\BaseConnection.php(419): CodeIgniter\Database\MySQLi\Connection->connect(false)
#1 C:\xampp\htdocs\Code Igniter\MBG_241511073_2C_Fairuz-Sheva-Muhammad\system\Database\BaseConnection.php(614): CodeIgniter\Database\BaseConnection->initialize()
#2 C:\xampp\htdocs\Code Igniter\MBG_241511073_2C_Fairuz-Sheva-Muhammad\system\Database\BaseBuilder.php(1649): CodeIgniter\Database\BaseConnection->query('SELECT *\nFROM `...', Array, false)
#3 C:\xampp\htdocs\Code Igniter\MBG_241511073_2C_Fairuz-Sheva-Muhammad\system\Model.php(330): CodeIgniter\Database\BaseBuilder->get()
#4 C:\xampp\htdocs\Code Igniter\MBG_241511073_2C_Fairuz-Sheva-Muhammad\system\BaseModel.php(715): CodeIgniter\Model->doFirst()
#5 C:\xampp\htdocs\Code Igniter\MBG_241511073_2C_Fairuz-Sheva-Muhammad\app\Controllers\Auth.php(23): CodeIgniter\BaseModel->first()
#6 C:\xampp\htdocs\Code Igniter\MBG_241511073_2C_Fairuz-Sheva-Muhammad\system\CodeIgniter.php(933): App\Controllers\Auth->doLogin()
#7 C:\xampp\htdocs\Code Igniter\MBG_241511073_2C_Fairuz-Sheva-Muhammad\system\CodeIgniter.php(507): CodeIgniter\CodeIgniter->runController(Object(App\Controllers\Auth))
#8 C:\xampp\htdocs\Code Igniter\MBG_241511073_2C_Fairuz-Sheva-Muhammad\system\CodeIgniter.php(354): CodeIgniter\CodeIgniter->handleRequest(NULL, Object(Config\Cache), false)
#9 C:\xampp\htdocs\Code Igniter\MBG_241511073_2C_Fairuz-Sheva-Muhammad\system\Boot.php(363): CodeIgniter\CodeIgniter->run()
#10 C:\xampp\htdocs\Code Igniter\MBG_241511073_2C_Fairuz-Sheva-Muhammad\system\Boot.php(68): CodeIgniter\Boot::runCodeIgniter(Object(CodeIgniter\CodeIgniter))
#11 C:\xampp\htdocs\Code Igniter\MBG_241511073_2C_Fairuz-Sheva-Muhammad\public\index.php(59): CodeIgniter\Boot::bootWeb(Object(Config\Paths))
#12 C:\xampp\htdocs\Code Igniter\MBG_241511073_2C_Fairuz-Sheva-Muhammad\system\rewrite.php(44): require_once('C:\\xampp\\htdocs...')
#13 {main}
CRITICAL - 2025-10-01 08:20:50 --> CodeIgniter\Database\Exceptions\DatabaseException: Unable to connect to the database.
Main connection [MySQLi]: Access denied for user ''@'localhost' (using password: NO)
[Method: POST, Route: login]
in SYSTEMPATH\Database\BaseConnection.php on line 465.
 1 SYSTEMPATH\Database\BaseConnection.php(614): CodeIgniter\Database\BaseConnection->initialize()
 2 SYSTEMPATH\Database\BaseBuilder.php(1649): CodeIgniter\Database\BaseConnection->query('SELECT *
FROM `user`
WHERE `email` = :email:
 LIMIT 1', [...], false)
 3 SYSTEMPATH\Model.php(330): CodeIgniter\Database\BaseBuilder->get()
 4 SYSTEMPATH\BaseModel.php(715): CodeIgniter\Model->doFirst()
 5 APPPATH\Controllers\Auth.php(23): CodeIgniter\BaseModel->first()
 6 SYSTEMPATH\CodeIgniter.php(933): App\Controllers\Auth->doLogin()
 7 SYSTEMPATH\CodeIgniter.php(507): CodeIgniter\CodeIgniter->runController(Object(App\Controllers\Auth))
 8 SYSTEMPATH\CodeIgniter.php(354): CodeIgniter\CodeIgniter->handleRequest(null, Object(Config\Cache), false)
 9 SYSTEMPATH\Boot.php(363): CodeIgniter\CodeIgniter->run()
10 SYSTEMPATH\Boot.php(68): CodeIgniter\Boot::runCodeIgniter(Object(CodeIgniter\CodeIgniter))
11 FCPATH\index.php(59): CodeIgniter\Boot::bootWeb(Object(Config\Paths))
12 SYSTEMPATH\rewrite.php(44): require_once('C:\\xampp\\htdocs\\Code Igniter\\MBG_241511073_2C_Fairuz-Sheva-Muhammad\\public\\index.php')
ERROR - 2025-10-01 08:22:17 --> Error connecting to the database: mysqli_sql_exception: Access denied for user ''@'localhost' (using password: NO) in C:\xampp\htdocs\Code Igniter\MBG_241511073_2C_Fairuz-Sheva-Muhammad\system\Database\MySQLi\Connection.php:201
Stack trace:
#0 C:\xampp\htdocs\Code Igniter\MBG_241511073_2C_Fairuz-Sheva-Muhammad\system\Database\MySQLi\Connection.php(201): mysqli->real_connect('localhost', '', Object(SensitiveParameterValue), '', 3306, '', 0)
#1 C:\xampp\htdocs\Code Igniter\MBG_241511073_2C_Fairuz-Sheva-Muhammad\system\Database\BaseConnection.php(419): CodeIgniter\Database\MySQLi\Connection->connect(false)
#2 C:\xampp\htdocs\Code Igniter\MBG_241511073_2C_Fairuz-Sheva-Muhammad\system\Database\BaseConnection.php(614): CodeIgniter\Database\BaseConnection->initialize()
#3 C:\xampp\htdocs\Code Igniter\MBG_241511073_2C_Fairuz-Sheva-Muhammad\system\Database\BaseBuilder.php(1649): CodeIgniter\Database\BaseConnection->query('SELECT *\nFROM `...', Array, false)
#4 C:\xampp\htdocs\Code Igniter\MBG_241511073_2C_Fairuz-Sheva-Muhammad\system\Model.php(330): CodeIgniter\Database\BaseBuilder->get()
#5 C:\xampp\htdocs\Code Igniter\MBG_241511073_2C_Fairuz-Sheva-Muhammad\system\BaseModel.php(715): CodeIgniter\Model->doFirst()
#6 C:\xampp\htdocs\Code Igniter\MBG_241511073_2C_Fairuz-Sheva-Muhammad\app\Controllers\Auth.php(23): CodeIgniter\BaseModel->first()
#7 C:\xampp\htdocs\Code Igniter\MBG_241511073_2C_Fairuz-Sheva-Muhammad\system\CodeIgniter.php(933): App\Controllers\Auth->doLogin()
#8 C:\xampp\htdocs\Code Igniter\MBG_241511073_2C_Fairuz-Sheva-Muhammad\system\CodeIgniter.php(507): CodeIgniter\CodeIgniter->runController(Object(App\Controllers\Auth))
#9 C:\xampp\htdocs\Code Igniter\MBG_241511073_2C_Fairuz-Sheva-Muhammad\system\CodeIgniter.php(354): CodeIgniter\CodeIgniter->handleRequest(NULL, Object(Config\Cache), false)
#10 C:\xampp\htdocs\Code Igniter\MBG_241511073_2C_Fairuz-Sheva-Muhammad\system\Boot.php(363): CodeIgniter\CodeIgniter->run()
#11 C:\xampp\htdocs\Code Igniter\MBG_241511073_2C_Fairuz-Sheva-Muhammad\system\Boot.php(68): CodeIgniter\Boot::runCodeIgniter(Object(CodeIgniter\CodeIgniter))
#12 C:\xampp\htdocs\Code Igniter\MBG_241511073_2C_Fairuz-Sheva-Muhammad\public\index.php(59): CodeIgniter\Boot::bootWeb(Object(Config\Paths))
#13 C:\xampp\htdocs\Code Igniter\MBG_241511073_2C_Fairuz-Sheva-Muhammad\system\rewrite.php(44): require_once('C:\\xampp\\htdocs...')
#14 {main}

Next CodeIgniter\Database\Exceptions\DatabaseException: Access denied for user ''@'localhost' (using password: NO) in C:\xampp\htdocs\Code Igniter\MBG_241511073_2C_Fairuz-Sheva-Muhammad\system\Database\MySQLi\Connection.php:246
Stack trace:
#0 C:\xampp\htdocs\Code Igniter\MBG_241511073_2C_Fairuz-Sheva-Muhammad\system\Database\BaseConnection.php(419): CodeIgniter\Database\MySQLi\Connection->connect(false)
#1 C:\xampp\htdocs\Code Igniter\MBG_241511073_2C_Fairuz-Sheva-Muhammad\system\Database\BaseConnection.php(614): CodeIgniter\Database\BaseConnection->initialize()
#2 C:\xampp\htdocs\Code Igniter\MBG_241511073_2C_Fairuz-Sheva-Muhammad\system\Database\BaseBuilder.php(1649): CodeIgniter\Database\BaseConnection->query('SELECT *\nFROM `...', Array, false)
#3 C:\xampp\htdocs\Code Igniter\MBG_241511073_2C_Fairuz-Sheva-Muhammad\system\Model.php(330): CodeIgniter\Database\BaseBuilder->get()
#4 C:\xampp\htdocs\Code Igniter\MBG_241511073_2C_Fairuz-Sheva-Muhammad\system\BaseModel.php(715): CodeIgniter\Model->doFirst()
#5 C:\xampp\htdocs\Code Igniter\MBG_241511073_2C_Fairuz-Sheva-Muhammad\app\Controllers\Auth.php(23): CodeIgniter\BaseModel->first()
#6 C:\xampp\htdocs\Code Igniter\MBG_241511073_2C_Fairuz-Sheva-Muhammad\system\CodeIgniter.php(933): App\Controllers\Auth->doLogin()
#7 C:\xampp\htdocs\Code Igniter\MBG_241511073_2C_Fairuz-Sheva-Muhammad\system\CodeIgniter.php(507): CodeIgniter\CodeIgniter->runController(Object(App\Controllers\Auth))
#8 C:\xampp\htdocs\Code Igniter\MBG_241511073_2C_Fairuz-Sheva-Muhammad\system\CodeIgniter.php(354): CodeIgniter\CodeIgniter->handleRequest(NULL, Object(Config\Cache), false)
#9 C:\xampp\htdocs\Code Igniter\MBG_241511073_2C_Fairuz-Sheva-Muhammad\system\Boot.php(363): CodeIgniter\CodeIgniter->run()
#10 C:\xampp\htdocs\Code Igniter\MBG_241511073_2C_Fairuz-Sheva-Muhammad\system\Boot.php(68): CodeIgniter\Boot::runCodeIgniter(Object(CodeIgniter\CodeIgniter))
#11 C:\xampp\htdocs\Code Igniter\MBG_241511073_2C_Fairuz-Sheva-Muhammad\public\index.php(59): CodeIgniter\Boot::bootWeb(Object(Config\Paths))
#12 C:\xampp\htdocs\Code Igniter\MBG_241511073_2C_Fairuz-Sheva-Muhammad\system\rewrite.php(44): require_once('C:\\xampp\\htdocs...')
#13 {main}
CRITICAL - 2025-10-01 08:22:17 --> CodeIgniter\Database\Exceptions\DatabaseException: Unable to connect to the database.
Main connection [MySQLi]: Access denied for user ''@'localhost' (using password: NO)
[Method: POST, Route: login]
in SYSTEMPATH\Database\BaseConnection.php on line 465.
 1 SYSTEMPATH\Database\BaseConnection.php(614): CodeIgniter\Database\BaseConnection->initialize()
 2 SYSTEMPATH\Database\BaseBuilder.php(1649): CodeIgniter\Database\BaseConnection->query('SELECT *
FROM `user`
WHERE `email` = :email:
 LIMIT 1', [...], false)
 3 SYSTEMPATH\Model.php(330): CodeIgniter\Database\BaseBuilder->get()
 4 SYSTEMPATH\BaseModel.php(715): CodeIgniter\Model->doFirst()
 5 APPPATH\Controllers\Auth.php(23): CodeIgniter\BaseModel->first()
 6 SYSTEMPATH\CodeIgniter.php(933): App\Controllers\Auth->doLogin()
 7 SYSTEMPATH\CodeIgniter.php(507): CodeIgniter\CodeIgniter->runController(Object(App\Controllers\Auth))
 8 SYSTEMPATH\CodeIgniter.php(354): CodeIgniter\CodeIgniter->handleRequest(null, Object(Config\Cache), false)
 9 SYSTEMPATH\Boot.php(363): CodeIgniter\CodeIgniter->run()
10 SYSTEMPATH\Boot.php(68): CodeIgniter\Boot::runCodeIgniter(Object(CodeIgniter\CodeIgniter))
11 FCPATH\index.php(59): CodeIgniter\Boot::bootWeb(Object(Config\Paths))
12 SYSTEMPATH\rewrite.php(44): require_once('C:\\xampp\\htdocs\\Code Igniter\\MBG_241511073_2C_Fairuz-Sheva-Muhammad\\public\\index.php')
ERROR - 2025-10-01 08:22:23 --> Error connecting to the database: mysqli_sql_exception: Access denied for user ''@'localhost' (using password: NO) in C:\xampp\htdocs\Code Igniter\MBG_241511073_2C_Fairuz-Sheva-Muhammad\system\Database\MySQLi\Connection.php:201
Stack trace:
#0 C:\xampp\htdocs\Code Igniter\MBG_241511073_2C_Fairuz-Sheva-Muhammad\system\Database\MySQLi\Connection.php(201): mysqli->real_connect('localhost', '', Object(SensitiveParameterValue), '', 3306, '', 0)
#1 C:\xampp\htdocs\Code Igniter\MBG_241511073_2C_Fairuz-Sheva-Muhammad\system\Database\BaseConnection.php(419): CodeIgniter\Database\MySQLi\Connection->connect(false)
#2 C:\xampp\htdocs\Code Igniter\MBG_241511073_2C_Fairuz-Sheva-Muhammad\system\Database\BaseConnection.php(614): CodeIgniter\Database\BaseConnection->initialize()
#3 C:\xampp\htdocs\Code Igniter\MBG_241511073_2C_Fairuz-Sheva-Muhammad\system\Database\BaseBuilder.php(1649): CodeIgniter\Database\BaseConnection->query('SELECT *\nFROM `...', Array, false)
#4 C:\xampp\htdocs\Code Igniter\MBG_241511073_2C_Fairuz-Sheva-Muhammad\system\Model.php(330): CodeIgniter\Database\BaseBuilder->get()
#5 C:\xampp\htdocs\Code Igniter\MBG_241511073_2C_Fairuz-Sheva-Muhammad\system\BaseModel.php(715): CodeIgniter\Model->doFirst()
#6 C:\xampp\htdocs\Code Igniter\MBG_241511073_2C_Fairuz-Sheva-Muhammad\app\Controllers\Auth.php(23): CodeIgniter\BaseModel->first()
#7 C:\xampp\htdocs\Code Igniter\MBG_241511073_2C_Fairuz-Sheva-Muhammad\system\CodeIgniter.php(933): App\Controllers\Auth->doLogin()
#8 C:\xampp\htdocs\Code Igniter\MBG_241511073_2C_Fairuz-Sheva-Muhammad\system\CodeIgniter.php(507): CodeIgniter\CodeIgniter->runController(Object(App\Controllers\Auth))
#9 C:\xampp\htdocs\Code Igniter\MBG_241511073_2C_Fairuz-Sheva-Muhammad\system\CodeIgniter.php(354): CodeIgniter\CodeIgniter->handleRequest(NULL, Object(Config\Cache), false)
#10 C:\xampp\htdocs\Code Igniter\MBG_241511073_2C_Fairuz-Sheva-Muhammad\system\Boot.php(363): CodeIgniter\CodeIgniter->run()
#11 C:\xampp\htdocs\Code Igniter\MBG_241511073_2C_Fairuz-Sheva-Muhammad\system\Boot.php(68): CodeIgniter\Boot::runCodeIgniter(Object(CodeIgniter\CodeIgniter))
#12 C:\xampp\htdocs\Code Igniter\MBG_241511073_2C_Fairuz-Sheva-Muhammad\public\index.php(59): CodeIgniter\Boot::bootWeb(Object(Config\Paths))
#13 C:\xampp\htdocs\Code Igniter\MBG_241511073_2C_Fairuz-Sheva-Muhammad\system\rewrite.php(44): require_once('C:\\xampp\\htdocs...')
#14 {main}

Next CodeIgniter\Database\Exceptions\DatabaseException: Access denied for user ''@'localhost' (using password: NO) in C:\xampp\htdocs\Code Igniter\MBG_241511073_2C_Fairuz-Sheva-Muhammad\system\Database\MySQLi\Connection.php:246
Stack trace:
#0 C:\xampp\htdocs\Code Igniter\MBG_241511073_2C_Fairuz-Sheva-Muhammad\system\Database\BaseConnection.php(419): CodeIgniter\Database\MySQLi\Connection->connect(false)
#1 C:\xampp\htdocs\Code Igniter\MBG_241511073_2C_Fairuz-Sheva-Muhammad\system\Database\BaseConnection.php(614): CodeIgniter\Database\BaseConnection->initialize()
#2 C:\xampp\htdocs\Code Igniter\MBG_241511073_2C_Fairuz-Sheva-Muhammad\system\Database\BaseBuilder.php(1649): CodeIgniter\Database\BaseConnection->query('SELECT *\nFROM `...', Array, false)
#3 C:\xampp\htdocs\Code Igniter\MBG_241511073_2C_Fairuz-Sheva-Muhammad\system\Model.php(330): CodeIgniter\Database\BaseBuilder->get()
#4 C:\xampp\htdocs\Code Igniter\MBG_241511073_2C_Fairuz-Sheva-Muhammad\system\BaseModel.php(715): CodeIgniter\Model->doFirst()
#5 C:\xampp\htdocs\Code Igniter\MBG_241511073_2C_Fairuz-Sheva-Muhammad\app\Controllers\Auth.php(23): CodeIgniter\BaseModel->first()
#6 C:\xampp\htdocs\Code Igniter\MBG_241511073_2C_Fairuz-Sheva-Muhammad\system\CodeIgniter.php(933): App\Controllers\Auth->doLogin()
#7 C:\xampp\htdocs\Code Igniter\MBG_241511073_2C_Fairuz-Sheva-Muhammad\system\CodeIgniter.php(507): CodeIgniter\CodeIgniter->runController(Object(App\Controllers\Auth))
#8 C:\xampp\htdocs\Code Igniter\MBG_241511073_2C_Fairuz-Sheva-Muhammad\system\CodeIgniter.php(354): CodeIgniter\CodeIgniter->handleRequest(NULL, Object(Config\Cache), false)
#9 C:\xampp\htdocs\Code Igniter\MBG_241511073_2C_Fairuz-Sheva-Muhammad\system\Boot.php(363): CodeIgniter\CodeIgniter->run()
#10 C:\xampp\htdocs\Code Igniter\MBG_241511073_2C_Fairuz-Sheva-Muhammad\system\Boot.php(68): CodeIgniter\Boot::runCodeIgniter(Object(CodeIgniter\CodeIgniter))
#11 C:\xampp\htdocs\Code Igniter\MBG_241511073_2C_Fairuz-Sheva-Muhammad\public\index.php(59): CodeIgniter\Boot::bootWeb(Object(Config\Paths))
#12 C:\xampp\htdocs\Code Igniter\MBG_241511073_2C_Fairuz-Sheva-Muhammad\system\rewrite.php(44): require_once('C:\\xampp\\htdocs...')
#13 {main}
CRITICAL - 2025-10-01 08:22:23 --> CodeIgniter\Database\Exceptions\DatabaseException: Unable to connect to the database.
Main connection [MySQLi]: Access denied for user ''@'localhost' (using password: NO)
[Method: POST, Route: login]
in SYSTEMPATH\Database\BaseConnection.php on line 465.
 1 SYSTEMPATH\Database\BaseConnection.php(614): CodeIgniter\Database\BaseConnection->initialize()
 2 SYSTEMPATH\Database\BaseBuilder.php(1649): CodeIgniter\Database\BaseConnection->query('SELECT *
FROM `user`
WHERE `email` = :email:
 LIMIT 1', [...], false)
 3 SYSTEMPATH\Model.php(330): CodeIgniter\Database\BaseBuilder->get()
 4 SYSTEMPATH\BaseModel.php(715): CodeIgniter\Model->doFirst()
 5 APPPATH\Controllers\Auth.php(23): CodeIgniter\BaseModel->first()
 6 SYSTEMPATH\CodeIgniter.php(933): App\Controllers\Auth->doLogin()
 7 SYSTEMPATH\CodeIgniter.php(507): CodeIgniter\CodeIgniter->runController(Object(App\Controllers\Auth))
 8 SYSTEMPATH\CodeIgniter.php(354): CodeIgniter\CodeIgniter->handleRequest(null, Object(Config\Cache), false)
 9 SYSTEMPATH\Boot.php(363): CodeIgniter\CodeIgniter->run()
10 SYSTEMPATH\Boot.php(68): CodeIgniter\Boot::runCodeIgniter(Object(CodeIgniter\CodeIgniter))
11 FCPATH\index.php(59): CodeIgniter\Boot::bootWeb(Object(Config\Paths))
12 SYSTEMPATH\rewrite.php(44): require_once('C:\\xampp\\htdocs\\Code Igniter\\MBG_241511073_2C_Fairuz-Sheva-Muhammad\\public\\index.php')
ERROR - 2025-10-01 08:23:13 --> Error connecting to the database: mysqli_sql_exception: Access denied for user ''@'localhost' (using password: NO) in C:\xampp\htdocs\Code Igniter\MBG_241511073_2C_Fairuz-Sheva-Muhammad\system\Database\MySQLi\Connection.php:201
Stack trace:
#0 C:\xampp\htdocs\Code Igniter\MBG_241511073_2C_Fairuz-Sheva-Muhammad\system\Database\MySQLi\Connection.php(201): mysqli->real_connect('localhost', '', Object(SensitiveParameterValue), '', 3306, '', 0)
#1 C:\xampp\htdocs\Code Igniter\MBG_241511073_2C_Fairuz-Sheva-Muhammad\system\Database\BaseConnection.php(419): CodeIgniter\Database\MySQLi\Connection->connect(false)
#2 C:\xampp\htdocs\Code Igniter\MBG_241511073_2C_Fairuz-Sheva-Muhammad\system\Database\BaseConnection.php(614): CodeIgniter\Database\BaseConnection->initialize()
#3 C:\xampp\htdocs\Code Igniter\MBG_241511073_2C_Fairuz-Sheva-Muhammad\system\Database\BaseBuilder.php(1649): CodeIgniter\Database\BaseConnection->query('SELECT *\nFROM `...', Array, false)
#4 C:\xampp\htdocs\Code Igniter\MBG_241511073_2C_Fairuz-Sheva-Muhammad\system\Model.php(330): CodeIgniter\Database\BaseBuilder->get()
#5 C:\xampp\htdocs\Code Igniter\MBG_241511073_2C_Fairuz-Sheva-Muhammad\system\BaseModel.php(715): CodeIgniter\Model->doFirst()
#6 C:\xampp\htdocs\Code Igniter\MBG_241511073_2C_Fairuz-Sheva-Muhammad\app\Controllers\Auth.php(23): CodeIgniter\BaseModel->first()
#7 C:\xampp\htdocs\Code Igniter\MBG_241511073_2C_Fairuz-Sheva-Muhammad\system\CodeIgniter.php(933): App\Controllers\Auth->doLogin()
#8 C:\xampp\htdocs\Code Igniter\MBG_241511073_2C_Fairuz-Sheva-Muhammad\system\CodeIgniter.php(507): CodeIgniter\CodeIgniter->runController(Object(App\Controllers\Auth))
#9 C:\xampp\htdocs\Code Igniter\MBG_241511073_2C_Fairuz-Sheva-Muhammad\system\CodeIgniter.php(354): CodeIgniter\CodeIgniter->handleRequest(NULL, Object(Config\Cache), false)
#10 C:\xampp\htdocs\Code Igniter\MBG_241511073_2C_Fairuz-Sheva-Muhammad\system\Boot.php(363): CodeIgniter\CodeIgniter->run()
#11 C:\xampp\htdocs\Code Igniter\MBG_241511073_2C_Fairuz-Sheva-Muhammad\system\Boot.php(68): CodeIgniter\Boot::runCodeIgniter(Object(CodeIgniter\CodeIgniter))
#12 C:\xampp\htdocs\Code Igniter\MBG_241511073_2C_Fairuz-Sheva-Muhammad\public\index.php(59): CodeIgniter\Boot::bootWeb(Object(Config\Paths))
#13 C:\xampp\htdocs\Code Igniter\MBG_241511073_2C_Fairuz-Sheva-Muhammad\system\rewrite.php(44): require_once('C:\\xampp\\htdocs...')
#14 {main}

Next CodeIgniter\Database\Exceptions\DatabaseException: Access denied for user ''@'localhost' (using password: NO) in C:\xampp\htdocs\Code Igniter\MBG_241511073_2C_Fairuz-Sheva-Muhammad\system\Database\MySQLi\Connection.php:246
Stack trace:
#0 C:\xampp\htdocs\Code Igniter\MBG_241511073_2C_Fairuz-Sheva-Muhammad\system\Database\BaseConnection.php(419): CodeIgniter\Database\MySQLi\Connection->connect(false)
#1 C:\xampp\htdocs\Code Igniter\MBG_241511073_2C_Fairuz-Sheva-Muhammad\system\Database\BaseConnection.php(614): CodeIgniter\Database\BaseConnection->initialize()
#2 C:\xampp\htdocs\Code Igniter\MBG_241511073_2C_Fairuz-Sheva-Muhammad\system\Database\BaseBuilder.php(1649): CodeIgniter\Database\BaseConnection->query('SELECT *\nFROM `...', Array, false)
#3 C:\xampp\htdocs\Code Igniter\MBG_241511073_2C_Fairuz-Sheva-Muhammad\system\Model.php(330): CodeIgniter\Database\BaseBuilder->get()
#4 C:\xampp\htdocs\Code Igniter\MBG_241511073_2C_Fairuz-Sheva-Muhammad\system\BaseModel.php(715): CodeIgniter\Model->doFirst()
#5 C:\xampp\htdocs\Code Igniter\MBG_241511073_2C_Fairuz-Sheva-Muhammad\app\Controllers\Auth.php(23): CodeIgniter\BaseModel->first()
#6 C:\xampp\htdocs\Code Igniter\MBG_241511073_2C_Fairuz-Sheva-Muhammad\system\CodeIgniter.php(933): App\Controllers\Auth->doLogin()
#7 C:\xampp\htdocs\Code Igniter\MBG_241511073_2C_Fairuz-Sheva-Muhammad\system\CodeIgniter.php(507): CodeIgniter\CodeIgniter->runController(Object(App\Controllers\Auth))
#8 C:\xampp\htdocs\Code Igniter\MBG_241511073_2C_Fairuz-Sheva-Muhammad\system\CodeIgniter.php(354): CodeIgniter\CodeIgniter->handleRequest(NULL, Object(Config\Cache), false)
#9 C:\xampp\htdocs\Code Igniter\MBG_241511073_2C_Fairuz-Sheva-Muhammad\system\Boot.php(363): CodeIgniter\CodeIgniter->run()
#10 C:\xampp\htdocs\Code Igniter\MBG_241511073_2C_Fairuz-Sheva-Muhammad\system\Boot.php(68): CodeIgniter\Boot::runCodeIgniter(Object(CodeIgniter\CodeIgniter))
#11 C:\xampp\htdocs\Code Igniter\MBG_241511073_2C_Fairuz-Sheva-Muhammad\public\index.php(59): CodeIgniter\Boot::bootWeb(Object(Config\Paths))
#12 C:\xampp\htdocs\Code Igniter\MBG_241511073_2C_Fairuz-Sheva-Muhammad\system\rewrite.php(44): require_once('C:\\xampp\\htdocs...')
#13 {main}
CRITICAL - 2025-10-01 08:23:13 --> CodeIgniter\Database\Exceptions\DatabaseException: Unable to connect to the database.
Main connection [MySQLi]: Access denied for user ''@'localhost' (using password: NO)
[Method: POST, Route: login]
in SYSTEMPATH\Database\BaseConnection.php on line 465.
 1 SYSTEMPATH\Database\BaseConnection.php(614): CodeIgniter\Database\BaseConnection->initialize()
 2 SYSTEMPATH\Database\BaseBuilder.php(1649): CodeIgniter\Database\BaseConnection->query('SELECT *
FROM `user`
WHERE `email` = :email:
 LIMIT 1', [...], false)
 3 SYSTEMPATH\Model.php(330): CodeIgniter\Database\BaseBuilder->get()
 4 SYSTEMPATH\BaseModel.php(715): CodeIgniter\Model->doFirst()
 5 APPPATH\Controllers\Auth.php(23): CodeIgniter\BaseModel->first()
 6 SYSTEMPATH\CodeIgniter.php(933): App\Controllers\Auth->doLogin()
 7 SYSTEMPATH\CodeIgniter.php(507): CodeIgniter\CodeIgniter->runController(Object(App\Controllers\Auth))
 8 SYSTEMPATH\CodeIgniter.php(354): CodeIgniter\CodeIgniter->handleRequest(null, Object(Config\Cache), false)
 9 SYSTEMPATH\Boot.php(363): CodeIgniter\CodeIgniter->run()
10 SYSTEMPATH\Boot.php(68): CodeIgniter\Boot::runCodeIgniter(Object(CodeIgniter\CodeIgniter))
11 FCPATH\index.php(59): CodeIgniter\Boot::bootWeb(Object(Config\Paths))
12 SYSTEMPATH\rewrite.php(44): require_once('C:\\xampp\\htdocs\\Code Igniter\\MBG_241511073_2C_Fairuz-Sheva-Muhammad\\public\\index.php')
ERROR - 2025-10-01 08:25:06 --> Error connecting to the database: mysqli_sql_exception: Access denied for user ''@'localhost' (using password: NO) in C:\xampp\htdocs\Code Igniter\MBG_241511073_2C_Fairuz-Sheva-Muhammad\system\Database\MySQLi\Connection.php:201
Stack trace:
#0 C:\xampp\htdocs\Code Igniter\MBG_241511073_2C_Fairuz-Sheva-Muhammad\system\Database\MySQLi\Connection.php(201): mysqli->real_connect('localhost', '', Object(SensitiveParameterValue), '', 3306, '', 0)
#1 C:\xampp\htdocs\Code Igniter\MBG_241511073_2C_Fairuz-Sheva-Muhammad\system\Database\BaseConnection.php(419): CodeIgniter\Database\MySQLi\Connection->connect(false)
#2 C:\xampp\htdocs\Code Igniter\MBG_241511073_2C_Fairuz-Sheva-Muhammad\system\Database\BaseConnection.php(614): CodeIgniter\Database\BaseConnection->initialize()
#3 C:\xampp\htdocs\Code Igniter\MBG_241511073_2C_Fairuz-Sheva-Muhammad\system\Database\BaseBuilder.php(1649): CodeIgniter\Database\BaseConnection->query('SELECT *\nFROM `...', Array, false)
#4 C:\xampp\htdocs\Code Igniter\MBG_241511073_2C_Fairuz-Sheva-Muhammad\system\Model.php(330): CodeIgniter\Database\BaseBuilder->get()
#5 C:\xampp\htdocs\Code Igniter\MBG_241511073_2C_Fairuz-Sheva-Muhammad\system\BaseModel.php(715): CodeIgniter\Model->doFirst()
#6 C:\xampp\htdocs\Code Igniter\MBG_241511073_2C_Fairuz-Sheva-Muhammad\app\Controllers\Auth.php(23): CodeIgniter\BaseModel->first()
#7 C:\xampp\htdocs\Code Igniter\MBG_241511073_2C_Fairuz-Sheva-Muhammad\system\CodeIgniter.php(933): App\Controllers\Auth->doLogin()
#8 C:\xampp\htdocs\Code Igniter\MBG_241511073_2C_Fairuz-Sheva-Muhammad\system\CodeIgniter.php(507): CodeIgniter\CodeIgniter->runController(Object(App\Controllers\Auth))
#9 C:\xampp\htdocs\Code Igniter\MBG_241511073_2C_Fairuz-Sheva-Muhammad\system\CodeIgniter.php(354): CodeIgniter\CodeIgniter->handleRequest(NULL, Object(Config\Cache), false)
#10 C:\xampp\htdocs\Code Igniter\MBG_241511073_2C_Fairuz-Sheva-Muhammad\system\Boot.php(363): CodeIgniter\CodeIgniter->run()
#11 C:\xampp\htdocs\Code Igniter\MBG_241511073_2C_Fairuz-Sheva-Muhammad\system\Boot.php(68): CodeIgniter\Boot::runCodeIgniter(Object(CodeIgniter\CodeIgniter))
#12 C:\xampp\htdocs\Code Igniter\MBG_241511073_2C_Fairuz-Sheva-Muhammad\public\index.php(59): CodeIgniter\Boot::bootWeb(Object(Config\Paths))
#13 C:\xampp\htdocs\Code Igniter\MBG_241511073_2C_Fairuz-Sheva-Muhammad\system\rewrite.php(44): require_once('C:\\xampp\\htdocs...')
#14 {main}

Next CodeIgniter\Database\Exceptions\DatabaseException: Access denied for user ''@'localhost' (using password: NO) in C:\xampp\htdocs\Code Igniter\MBG_241511073_2C_Fairuz-Sheva-Muhammad\system\Database\MySQLi\Connection.php:246
Stack trace:
#0 C:\xampp\htdocs\Code Igniter\MBG_241511073_2C_Fairuz-Sheva-Muhammad\system\Database\BaseConnection.php(419): CodeIgniter\Database\MySQLi\Connection->connect(false)
#1 C:\xampp\htdocs\Code Igniter\MBG_241511073_2C_Fairuz-Sheva-Muhammad\system\Database\BaseConnection.php(614): CodeIgniter\Database\BaseConnection->initialize()
#2 C:\xampp\htdocs\Code Igniter\MBG_241511073_2C_Fairuz-Sheva-Muhammad\system\Database\BaseBuilder.php(1649): CodeIgniter\Database\BaseConnection->query('SELECT *\nFROM `...', Array, false)
#3 C:\xampp\htdocs\Code Igniter\MBG_241511073_2C_Fairuz-Sheva-Muhammad\system\Model.php(330): CodeIgniter\Database\BaseBuilder->get()
#4 C:\xampp\htdocs\Code Igniter\MBG_241511073_2C_Fairuz-Sheva-Muhammad\system\BaseModel.php(715): CodeIgniter\Model->doFirst()
#5 C:\xampp\htdocs\Code Igniter\MBG_241511073_2C_Fairuz-Sheva-Muhammad\app\Controllers\Auth.php(23): CodeIgniter\BaseModel->first()
#6 C:\xampp\htdocs\Code Igniter\MBG_241511073_2C_Fairuz-Sheva-Muhammad\system\CodeIgniter.php(933): App\Controllers\Auth->doLogin()
#7 C:\xampp\htdocs\Code Igniter\MBG_241511073_2C_Fairuz-Sheva-Muhammad\system\CodeIgniter.php(507): CodeIgniter\CodeIgniter->runController(Object(App\Controllers\Auth))
#8 C:\xampp\htdocs\Code Igniter\MBG_241511073_2C_Fairuz-Sheva-Muhammad\system\CodeIgniter.php(354): CodeIgniter\CodeIgniter->handleRequest(NULL, Object(Config\Cache), false)
#9 C:\xampp\htdocs\Code Igniter\MBG_241511073_2C_Fairuz-Sheva-Muhammad\system\Boot.php(363): CodeIgniter\CodeIgniter->run()
#10 C:\xampp\htdocs\Code Igniter\MBG_241511073_2C_Fairuz-Sheva-Muhammad\system\Boot.php(68): CodeIgniter\Boot::runCodeIgniter(Object(CodeIgniter\CodeIgniter))
#11 C:\xampp\htdocs\Code Igniter\MBG_241511073_2C_Fairuz-Sheva-Muhammad\public\index.php(59): CodeIgniter\Boot::bootWeb(Object(Config\Paths))
#12 C:\xampp\htdocs\Code Igniter\MBG_241511073_2C_Fairuz-Sheva-Muhammad\system\rewrite.php(44): require_once('C:\\xampp\\htdocs...')
#13 {main}
CRITICAL - 2025-10-01 08:25:06 --> CodeIgniter\Database\Exceptions\DatabaseException: Unable to connect to the database.
Main connection [MySQLi]: Access denied for user ''@'localhost' (using password: NO)
[Method: POST, Route: login]
in SYSTEMPATH\Database\BaseConnection.php on line 465.
 1 SYSTEMPATH\Database\BaseConnection.php(614): CodeIgniter\Database\BaseConnection->initialize()
 2 SYSTEMPATH\Database\BaseBuilder.php(1649): CodeIgniter\Database\BaseConnection->query('SELECT *
FROM `user`
WHERE `email` = :email:
 LIMIT 1', [...], false)
 3 SYSTEMPATH\Model.php(330): CodeIgniter\Database\BaseBuilder->get()
 4 SYSTEMPATH\BaseModel.php(715): CodeIgniter\Model->doFirst()
 5 APPPATH\Controllers\Auth.php(23): CodeIgniter\BaseModel->first()
 6 SYSTEMPATH\CodeIgniter.php(933): App\Controllers\Auth->doLogin()
 7 SYSTEMPATH\CodeIgniter.php(507): CodeIgniter\CodeIgniter->runController(Object(App\Controllers\Auth))
 8 SYSTEMPATH\CodeIgniter.php(354): CodeIgniter\CodeIgniter->handleRequest(null, Object(Config\Cache), false)
 9 SYSTEMPATH\Boot.php(363): CodeIgniter\CodeIgniter->run()
10 SYSTEMPATH\Boot.php(68): CodeIgniter\Boot::runCodeIgniter(Object(CodeIgniter\CodeIgniter))
11 FCPATH\index.php(59): CodeIgniter\Boot::bootWeb(Object(Config\Paths))
12 SYSTEMPATH\rewrite.php(44): require_once('C:\\xampp\\htdocs\\Code Igniter\\MBG_241511073_2C_Fairuz-Sheva-Muhammad\\public\\index.php')
ERROR - 2025-10-01 08:25:13 --> Error connecting to the database: mysqli_sql_exception: Access denied for user ''@'localhost' (using password: NO) in C:\xampp\htdocs\Code Igniter\MBG_241511073_2C_Fairuz-Sheva-Muhammad\system\Database\MySQLi\Connection.php:201
Stack trace:
#0 C:\xampp\htdocs\Code Igniter\MBG_241511073_2C_Fairuz-Sheva-Muhammad\system\Database\MySQLi\Connection.php(201): mysqli->real_connect('localhost', '', Object(SensitiveParameterValue), '', 3306, '', 0)
#1 C:\xampp\htdocs\Code Igniter\MBG_241511073_2C_Fairuz-Sheva-Muhammad\system\Database\BaseConnection.php(419): CodeIgniter\Database\MySQLi\Connection->connect(false)
#2 C:\xampp\htdocs\Code Igniter\MBG_241511073_2C_Fairuz-Sheva-Muhammad\system\Database\BaseConnection.php(614): CodeIgniter\Database\BaseConnection->initialize()
#3 C:\xampp\htdocs\Code Igniter\MBG_241511073_2C_Fairuz-Sheva-Muhammad\system\Database\BaseBuilder.php(1649): CodeIgniter\Database\BaseConnection->query('SELECT *\nFROM `...', Array, false)
#4 C:\xampp\htdocs\Code Igniter\MBG_241511073_2C_Fairuz-Sheva-Muhammad\system\Model.php(330): CodeIgniter\Database\BaseBuilder->get()
#5 C:\xampp\htdocs\Code Igniter\MBG_241511073_2C_Fairuz-Sheva-Muhammad\system\BaseModel.php(715): CodeIgniter\Model->doFirst()
#6 C:\xampp\htdocs\Code Igniter\MBG_241511073_2C_Fairuz-Sheva-Muhammad\app\Controllers\Auth.php(23): CodeIgniter\BaseModel->first()
#7 C:\xampp\htdocs\Code Igniter\MBG_241511073_2C_Fairuz-Sheva-Muhammad\system\CodeIgniter.php(933): App\Controllers\Auth->doLogin()
#8 C:\xampp\htdocs\Code Igniter\MBG_241511073_2C_Fairuz-Sheva-Muhammad\system\CodeIgniter.php(507): CodeIgniter\CodeIgniter->runController(Object(App\Controllers\Auth))
#9 C:\xampp\htdocs\Code Igniter\MBG_241511073_2C_Fairuz-Sheva-Muhammad\system\CodeIgniter.php(354): CodeIgniter\CodeIgniter->handleRequest(NULL, Object(Config\Cache), false)
#10 C:\xampp\htdocs\Code Igniter\MBG_241511073_2C_Fairuz-Sheva-Muhammad\system\Boot.php(363): CodeIgniter\CodeIgniter->run()
#11 C:\xampp\htdocs\Code Igniter\MBG_241511073_2C_Fairuz-Sheva-Muhammad\system\Boot.php(68): CodeIgniter\Boot::runCodeIgniter(Object(CodeIgniter\CodeIgniter))
#12 C:\xampp\htdocs\Code Igniter\MBG_241511073_2C_Fairuz-Sheva-Muhammad\public\index.php(59): CodeIgniter\Boot::bootWeb(Object(Config\Paths))
#13 C:\xampp\htdocs\Code Igniter\MBG_241511073_2C_Fairuz-Sheva-Muhammad\system\rewrite.php(44): require_once('C:\\xampp\\htdocs...')
#14 {main}

Next CodeIgniter\Database\Exceptions\DatabaseException: Access denied for user ''@'localhost' (using password: NO) in C:\xampp\htdocs\Code Igniter\MBG_241511073_2C_Fairuz-Sheva-Muhammad\system\Database\MySQLi\Connection.php:246
Stack trace:
#0 C:\xampp\htdocs\Code Igniter\MBG_241511073_2C_Fairuz-Sheva-Muhammad\system\Database\BaseConnection.php(419): CodeIgniter\Database\MySQLi\Connection->connect(false)
#1 C:\xampp\htdocs\Code Igniter\MBG_241511073_2C_Fairuz-Sheva-Muhammad\system\Database\BaseConnection.php(614): CodeIgniter\Database\BaseConnection->initialize()
#2 C:\xampp\htdocs\Code Igniter\MBG_241511073_2C_Fairuz-Sheva-Muhammad\system\Database\BaseBuilder.php(1649): CodeIgniter\Database\BaseConnection->query('SELECT *\nFROM `...', Array, false)
#3 C:\xampp\htdocs\Code Igniter\MBG_241511073_2C_Fairuz-Sheva-Muhammad\system\Model.php(330): CodeIgniter\Database\BaseBuilder->get()
#4 C:\xampp\htdocs\Code Igniter\MBG_241511073_2C_Fairuz-Sheva-Muhammad\system\BaseModel.php(715): CodeIgniter\Model->doFirst()
#5 C:\xampp\htdocs\Code Igniter\MBG_241511073_2C_Fairuz-Sheva-Muhammad\app\Controllers\Auth.php(23): CodeIgniter\BaseModel->first()
#6 C:\xampp\htdocs\Code Igniter\MBG_241511073_2C_Fairuz-Sheva-Muhammad\system\CodeIgniter.php(933): App\Controllers\Auth->doLogin()
#7 C:\xampp\htdocs\Code Igniter\MBG_241511073_2C_Fairuz-Sheva-Muhammad\system\CodeIgniter.php(507): CodeIgniter\CodeIgniter->runController(Object(App\Controllers\Auth))
#8 C:\xampp\htdocs\Code Igniter\MBG_241511073_2C_Fairuz-Sheva-Muhammad\system\CodeIgniter.php(354): CodeIgniter\CodeIgniter->handleRequest(NULL, Object(Config\Cache), false)
#9 C:\xampp\htdocs\Code Igniter\MBG_241511073_2C_Fairuz-Sheva-Muhammad\system\Boot.php(363): CodeIgniter\CodeIgniter->run()
#10 C:\xampp\htdocs\Code Igniter\MBG_241511073_2C_Fairuz-Sheva-Muhammad\system\Boot.php(68): CodeIgniter\Boot::runCodeIgniter(Object(CodeIgniter\CodeIgniter))
#11 C:\xampp\htdocs\Code Igniter\MBG_241511073_2C_Fairuz-Sheva-Muhammad\public\index.php(59): CodeIgniter\Boot::bootWeb(Object(Config\Paths))
#12 C:\xampp\htdocs\Code Igniter\MBG_241511073_2C_Fairuz-Sheva-Muhammad\system\rewrite.php(44): require_once('C:\\xampp\\htdocs...')
#13 {main}
CRITICAL - 2025-10-01 08:25:13 --> CodeIgniter\Database\Exceptions\DatabaseException: Unable to connect to the database.
Main connection [MySQLi]: Access denied for user ''@'localhost' (using password: NO)
[Method: POST, Route: login]
in SYSTEMPATH\Database\BaseConnection.php on line 465.
 1 SYSTEMPATH\Database\BaseConnection.php(614): CodeIgniter\Database\BaseConnection->initialize()
 2 SYSTEMPATH\Database\BaseBuilder.php(1649): CodeIgniter\Database\BaseConnection->query('SELECT *
FROM `user`
WHERE `email` = :email:
 LIMIT 1', [...], false)
 3 SYSTEMPATH\Model.php(330): CodeIgniter\Database\BaseBuilder->get()
 4 SYSTEMPATH\BaseModel.php(715): CodeIgniter\Model->doFirst()
 5 APPPATH\Controllers\Auth.php(23): CodeIgniter\BaseModel->first()
 6 SYSTEMPATH\CodeIgniter.php(933): App\Controllers\Auth->doLogin()
 7 SYSTEMPATH\CodeIgniter.php(507): CodeIgniter\CodeIgniter->runController(Object(App\Controllers\Auth))
 8 SYSTEMPATH\CodeIgniter.php(354): CodeIgniter\CodeIgniter->handleRequest(null, Object(Config\Cache), false)
 9 SYSTEMPATH\Boot.php(363): CodeIgniter\CodeIgniter->run()
10 SYSTEMPATH\Boot.php(68): CodeIgniter\Boot::runCodeIgniter(Object(CodeIgniter\CodeIgniter))
11 FCPATH\index.php(59): CodeIgniter\Boot::bootWeb(Object(Config\Paths))
12 SYSTEMPATH\rewrite.php(44): require_once('C:\\xampp\\htdocs\\Code Igniter\\MBG_241511073_2C_Fairuz-Sheva-Muhammad\\public\\index.php')
