CRITICAL - 2025-10-02 09:43:06 --> ErrorException: Undefined array key 1
[Method: POST, Route: bahan/delete/9]
in APPPATH\Controllers\BahanBaku.php on line 88.
 1 APPPATH\Controllers\BahanBaku.php(88): CodeIgniter\Debug\Exceptions->errorHandler(2, 'Undefined array key 1', 'C:\\xampp\\htdocs\\Code Igniter\\GIT\\MBG_241511073_2C_Fairuz-Sheva-Muhammad\\MBG_241511073_2C_Fairuz-Sheva-Muhammad\\app\\Controllers\\BahanBaku.php', 88)
 2 SYSTEMPATH\CodeIgniter.php(933): App\Controllers\BahanBaku->delete('9')
 3 SYSTEMPATH\CodeIgniter.php(507): CodeIgniter\CodeIgniter->runController(Object(App\Controllers\BahanBaku))
 4 SYSTEMPATH\CodeIgniter.php(354): CodeIgniter\CodeIgniter->handleRequest(null, Object(Config\Cache), false)
 5 SYSTEMPATH\Boot.php(363): CodeIgniter\CodeIgniter->run()
 6 SYSTEMPATH\Boot.php(68): CodeIgniter\Boot::runCodeIgniter(Object(CodeIgniter\CodeIgniter))
 7 FCPATH\index.php(59): CodeIgniter\Boot::bootWeb(Object(Config\Paths))
 8 SYSTEMPATH\rewrite.php(44): require_once('C:\\xampp\\htdocs\\Code Igniter\\GIT\\MBG_241511073_2C_Fairuz-Sheva-Muhammad\\MBG_241511073_2C_Fairuz-Sheva-Muhammad\\public\\index.php')
CRITICAL - 2025-10-02 09:43:23 --> TypeError: Unsupported operand types: bool | string
[Method: POST, Route: bahan/delete/9]
in APPPATH\Controllers\BahanBaku.php on line 88.
 1 SYSTEMPATH\CodeIgniter.php(933): App\Controllers\BahanBaku->delete('9')
 2 SYSTEMPATH\CodeIgniter.php(507): CodeIgniter\CodeIgniter->runController(Object(App\Controllers\BahanBaku))
 3 SYSTEMPATH\CodeIgniter.php(354): CodeIgniter\CodeIgniter->handleRequest(null, Object(Config\Cache), false)
 4 SYSTEMPATH\Boot.php(363): CodeIgniter\CodeIgniter->run()
 5 SYSTEMPATH\Boot.php(68): CodeIgniter\Boot::runCodeIgniter(Object(CodeIgniter\CodeIgniter))
 6 FCPATH\index.php(59): CodeIgniter\Boot::bootWeb(Object(Config\Paths))
 7 SYSTEMPATH\rewrite.php(44): require_once('C:\\xampp\\htdocs\\Code Igniter\\GIT\\MBG_241511073_2C_Fairuz-Sheva-Muhammad\\MBG_241511073_2C_Fairuz-Sheva-Muhammad\\public\\index.php')
ERROR - 2025-10-02 15:37:20 --> Error connecting to the database: mysqli_sql_exception: No connection could be made because the target machine actively refused it in C:\xampp\htdocs\Code Igniter\GIT\MBG_241511073_2C_Fairuz-Sheva-Muhammad\MBG_241511073_2C_Fairuz-Sheva-Muhammad\system\Database\MySQLi\Connection.php:201
Stack trace:
#0 C:\xampp\htdocs\Code Igniter\GIT\MBG_241511073_2C_Fairuz-Sheva-Muhammad\MBG_241511073_2C_Fairuz-Sheva-Muhammad\system\Database\MySQLi\Connection.php(201): mysqli->real_connect('localhost', 'root', Object(SensitiveParameterValue), '#4database', 3306, '', 0)
#1 C:\xampp\htdocs\Code Igniter\GIT\MBG_241511073_2C_Fairuz-Sheva-Muhammad\MBG_241511073_2C_Fairuz-Sheva-Muhammad\system\Database\BaseConnection.php(419): CodeIgniter\Database\MySQLi\Connection->connect(false)
#2 C:\xampp\htdocs\Code Igniter\GIT\MBG_241511073_2C_Fairuz-Sheva-Muhammad\MBG_241511073_2C_Fairuz-Sheva-Muhammad\system\Database\BaseConnection.php(614): CodeIgniter\Database\BaseConnection->initialize()
#3 C:\xampp\htdocs\Code Igniter\GIT\MBG_241511073_2C_Fairuz-Sheva-Muhammad\MBG_241511073_2C_Fairuz-Sheva-Muhammad\system\Database\BaseBuilder.php(1649): CodeIgniter\Database\BaseConnection->query('SELECT *\nFROM `...', Array, false)
#4 C:\xampp\htdocs\Code Igniter\GIT\MBG_241511073_2C_Fairuz-Sheva-Muhammad\MBG_241511073_2C_Fairuz-Sheva-Muhammad\system\Model.php(330): CodeIgniter\Database\BaseBuilder->get()
#5 C:\xampp\htdocs\Code Igniter\GIT\MBG_241511073_2C_Fairuz-Sheva-Muhammad\MBG_241511073_2C_Fairuz-Sheva-Muhammad\system\BaseModel.php(715): CodeIgniter\Model->doFirst()
#6 C:\xampp\htdocs\Code Igniter\GIT\MBG_241511073_2C_Fairuz-Sheva-Muhammad\MBG_241511073_2C_Fairuz-Sheva-Muhammad\app\Controllers\Auth.php(23): CodeIgniter\BaseModel->first()
#7 C:\xampp\htdocs\Code Igniter\GIT\MBG_241511073_2C_Fairuz-Sheva-Muhammad\MBG_241511073_2C_Fairuz-Sheva-Muhammad\system\CodeIgniter.php(933): App\Controllers\Auth->doLogin()
#8 C:\xampp\htdocs\Code Igniter\GIT\MBG_241511073_2C_Fairuz-Sheva-Muhammad\MBG_241511073_2C_Fairuz-Sheva-Muhammad\system\CodeIgniter.php(507): CodeIgniter\CodeIgniter->runController(Object(App\Controllers\Auth))
#9 C:\xampp\htdocs\Code Igniter\GIT\MBG_241511073_2C_Fairuz-Sheva-Muhammad\MBG_241511073_2C_Fairuz-Sheva-Muhammad\system\CodeIgniter.php(354): CodeIgniter\CodeIgniter->handleRequest(NULL, Object(Config\Cache), false)
#10 C:\xampp\htdocs\Code Igniter\GIT\MBG_241511073_2C_Fairuz-Sheva-Muhammad\MBG_241511073_2C_Fairuz-Sheva-Muhammad\system\Boot.php(363): CodeIgniter\CodeIgniter->run()
#11 C:\xampp\htdocs\Code Igniter\GIT\MBG_241511073_2C_Fairuz-Sheva-Muhammad\MBG_241511073_2C_Fairuz-Sheva-Muhammad\system\Boot.php(68): CodeIgniter\Boot::runCodeIgniter(Object(CodeIgniter\CodeIgniter))
#12 C:\xampp\htdocs\Code Igniter\GIT\MBG_241511073_2C_Fairuz-Sheva-Muhammad\MBG_241511073_2C_Fairuz-Sheva-Muhammad\public\index.php(59): CodeIgniter\Boot::bootWeb(Object(Config\Paths))
#13 C:\xampp\htdocs\Code Igniter\GIT\MBG_241511073_2C_Fairuz-Sheva-Muhammad\MBG_241511073_2C_Fairuz-Sheva-Muhammad\system\rewrite.php(44): require_once('C:\\xampp\\htdocs...')
#14 {main}

Next CodeIgniter\Database\Exceptions\DatabaseException: No connection could be made because the target machine actively refused it in C:\xampp\htdocs\Code Igniter\GIT\MBG_241511073_2C_Fairuz-Sheva-Muhammad\MBG_241511073_2C_Fairuz-Sheva-Muhammad\system\Database\MySQLi\Connection.php:246
Stack trace:
#0 C:\xampp\htdocs\Code Igniter\GIT\MBG_241511073_2C_Fairuz-Sheva-Muhammad\MBG_241511073_2C_Fairuz-Sheva-Muhammad\system\Database\BaseConnection.php(419): CodeIgniter\Database\MySQLi\Connection->connect(false)
#1 C:\xampp\htdocs\Code Igniter\GIT\MBG_241511073_2C_Fairuz-Sheva-Muhammad\MBG_241511073_2C_Fairuz-Sheva-Muhammad\system\Database\BaseConnection.php(614): CodeIgniter\Database\BaseConnection->initialize()
#2 C:\xampp\htdocs\Code Igniter\GIT\MBG_241511073_2C_Fairuz-Sheva-Muhammad\MBG_241511073_2C_Fairuz-Sheva-Muhammad\system\Database\BaseBuilder.php(1649): CodeIgniter\Database\BaseConnection->query('SELECT *\nFROM `...', Array, false)
#3 C:\xampp\htdocs\Code Igniter\GIT\MBG_241511073_2C_Fairuz-Sheva-Muhammad\MBG_241511073_2C_Fairuz-Sheva-Muhammad\system\Model.php(330): CodeIgniter\Database\BaseBuilder->get()
#4 C:\xampp\htdocs\Code Igniter\GIT\MBG_241511073_2C_Fairuz-Sheva-Muhammad\MBG_241511073_2C_Fairuz-Sheva-Muhammad\system\BaseModel.php(715): CodeIgniter\Model->doFirst()
#5 C:\xampp\htdocs\Code Igniter\GIT\MBG_241511073_2C_Fairuz-Sheva-Muhammad\MBG_241511073_2C_Fairuz-Sheva-Muhammad\app\Controllers\Auth.php(23): CodeIgniter\BaseModel->first()
#6 C:\xampp\htdocs\Code Igniter\GIT\MBG_241511073_2C_Fairuz-Sheva-Muhammad\MBG_241511073_2C_Fairuz-Sheva-Muhammad\system\CodeIgniter.php(933): App\Controllers\Auth->doLogin()
#7 C:\xampp\htdocs\Code Igniter\GIT\MBG_241511073_2C_Fairuz-Sheva-Muhammad\MBG_241511073_2C_Fairuz-Sheva-Muhammad\system\CodeIgniter.php(507): CodeIgniter\CodeIgniter->runController(Object(App\Controllers\Auth))
#8 C:\xampp\htdocs\Code Igniter\GIT\MBG_241511073_2C_Fairuz-Sheva-Muhammad\MBG_241511073_2C_Fairuz-Sheva-Muhammad\system\CodeIgniter.php(354): CodeIgniter\CodeIgniter->handleRequest(NULL, Object(Config\Cache), false)
#9 C:\xampp\htdocs\Code Igniter\GIT\MBG_241511073_2C_Fairuz-Sheva-Muhammad\MBG_241511073_2C_Fairuz-Sheva-Muhammad\system\Boot.php(363): CodeIgniter\CodeIgniter->run()
#10 C:\xampp\htdocs\Code Igniter\GIT\MBG_241511073_2C_Fairuz-Sheva-Muhammad\MBG_241511073_2C_Fairuz-Sheva-Muhammad\system\Boot.php(68): CodeIgniter\Boot::runCodeIgniter(Object(CodeIgniter\CodeIgniter))
#11 C:\xampp\htdocs\Code Igniter\GIT\MBG_241511073_2C_Fairuz-Sheva-Muhammad\MBG_241511073_2C_Fairuz-Sheva-Muhammad\public\index.php(59): CodeIgniter\Boot::bootWeb(Object(Config\Paths))
#12 C:\xampp\htdocs\Code Igniter\GIT\MBG_241511073_2C_Fairuz-Sheva-Muhammad\MBG_241511073_2C_Fairuz-Sheva-Muhammad\system\rewrite.php(44): require_once('C:\\xampp\\htdocs...')
#13 {main}
CRITICAL - 2025-10-02 15:37:20 --> CodeIgniter\Database\Exceptions\DatabaseException: Unable to connect to the database.
Main connection [MySQLi]: No connection could be made because the target machine actively refused it
[Method: POST, Route: login]
in SYSTEMPATH\Database\BaseConnection.php on line 465.
 1 SYSTEMPATH\Database\BaseConnection.php(614): CodeIgniter\Database\BaseConnection->initialize()
 2 SYSTEMPATH\Database\BaseBuilder.php(1649): CodeIgniter\Database\BaseConnection->query('SELECT *
FROM `user`
WHERE `email` = :email:
 LIMIT 1', [...], false)
 3 SYSTEMPATH\Model.php(330): CodeIgniter\Database\BaseBuilder->get()
 4 SYSTEMPATH\BaseModel.php(715): CodeIgniter\Model->doFirst()
 5 APPPATH\Controllers\Auth.php(23): CodeIgniter\BaseModel->first()
 6 SYSTEMPATH\CodeIgniter.php(933): App\Controllers\Auth->doLogin()
 7 SYSTEMPATH\CodeIgniter.php(507): CodeIgniter\CodeIgniter->runController(Object(App\Controllers\Auth))
 8 SYSTEMPATH\CodeIgniter.php(354): CodeIgniter\CodeIgniter->handleRequest(null, Object(Config\Cache), false)
 9 SYSTEMPATH\Boot.php(363): CodeIgniter\CodeIgniter->run()
10 SYSTEMPATH\Boot.php(68): CodeIgniter\Boot::runCodeIgniter(Object(CodeIgniter\CodeIgniter))
11 FCPATH\index.php(59): CodeIgniter\Boot::bootWeb(Object(Config\Paths))
12 SYSTEMPATH\rewrite.php(44): require_once('C:\\xampp\\htdocs\\Code Igniter\\GIT\\MBG_241511073_2C_Fairuz-Sheva-Muhammad\\MBG_241511073_2C_Fairuz-Sheva-Muhammad\\public\\index.php')
CRITICAL - 2025-10-02 15:51:57 --> Error: Class "App\Controllers\PermintaanDetailModel" not found
[Method: POST, Route: permintaan/store]
in APPPATH\Controllers\Permintaan.php on line 77.
 1 SYSTEMPATH\CodeIgniter.php(933): App\Controllers\Permintaan->store()
 2 SYSTEMPATH\CodeIgniter.php(507): CodeIgniter\CodeIgniter->runController(Object(App\Controllers\Permintaan))
 3 SYSTEMPATH\CodeIgniter.php(354): CodeIgniter\CodeIgniter->handleRequest(null, Object(Config\Cache), false)
 4 SYSTEMPATH\Boot.php(363): CodeIgniter\CodeIgniter->run()
 5 SYSTEMPATH\Boot.php(68): CodeIgniter\Boot::runCodeIgniter(Object(CodeIgniter\CodeIgniter))
 6 FCPATH\index.php(59): CodeIgniter\Boot::bootWeb(Object(Config\Paths))
 7 SYSTEMPATH\rewrite.php(44): require_once('C:\\xampp\\htdocs\\Code Igniter\\GIT\\MBG_241511073_2C_Fairuz-Sheva-Muhammad\\MBG_241511073_2C_Fairuz-Sheva-Muhammad\\public\\index.php')
CRITICAL - 2025-10-02 16:05:11 --> Error: Class "App\Controllers\PermintaanDetailModel" not found
[Method: POST, Route: permintaan/store]
in APPPATH\Controllers\Permintaan.php on line 77.
 1 SYSTEMPATH\CodeIgniter.php(933): App\Controllers\Permintaan->store()
 2 SYSTEMPATH\CodeIgniter.php(507): CodeIgniter\CodeIgniter->runController(Object(App\Controllers\Permintaan))
 3 SYSTEMPATH\CodeIgniter.php(354): CodeIgniter\CodeIgniter->handleRequest(null, Object(Config\Cache), false)
 4 SYSTEMPATH\Boot.php(363): CodeIgniter\CodeIgniter->run()
 5 SYSTEMPATH\Boot.php(68): CodeIgniter\Boot::runCodeIgniter(Object(CodeIgniter\CodeIgniter))
 6 FCPATH\index.php(59): CodeIgniter\Boot::bootWeb(Object(Config\Paths))
 7 SYSTEMPATH\rewrite.php(44): require_once('C:\\xampp\\htdocs\\Code Igniter\\GIT\\MBG_241511073_2C_Fairuz-Sheva-Muhammad\\MBG_241511073_2C_Fairuz-Sheva-Muhammad\\public\\index.php')
